\nв•”в•җв•җв•җв•җв•җв•җв•җв•җв•җв•җв•җв•җв•җв•җв•җв•җв•җв•җв•җв•җв•җв•җв•җв•җв•җв•җв•җв•җв•җв•җв•җв•җв•җв•җв•җв•җв•җв•җв•җв•җв•җв•җв•җв•җв•җв•җв•җв•җв•җв•җв•җв•җв•җв•җв•җв•—
в•‘      MLM Union вҖ” News Post Automation (2-topic)       в•‘
в•ҡв•җв•җв•җв•җв•җв•җв•җв•җв•җв•җв•җв•җв•җв•җв•җв•җв•җв•җв•җв•җв•җв•җв•җв•җв•җв•җв•җв•җв•җв•җв•җв•җв•җв•җв•җв•җв•җв•җв•җв•җв•җв•җв•җв•җв•җв•җв•җв•җв•җв•җв•җв•җв•җв•җв•җв•қ\n
[4:27:37 pm] вҶ’ Step 1/3 вҖ” Generating 2 news topic optionsвҖҰ
[4:27:43 pm] вҶ’ Generated topics: 1) Eco-Friendly Trend Boosts Indian Direct Selling Sector | 2) Indian Government Enforces Stricter MLM Regulations
вҶ’ [1/2] Processing topic: Eco-Friendly Trend Boosts Indian Direct Selling Sector
[4:27:43 pm] вҶ’ Step 2/3 вҖ” Writing article for: Eco-Friendly Trend Boosts Indian Direct Selling Sector
[4:27:53 pm] вң“ Article written: "Eco-Friendly Trend Boosts Indian Direct Selling Sector" (3421 chars)
[4:27:53 pm] вҶ’ Step 3/5 вҖ” Downloading image for: "network marketing business team"вҖҰ
[4:27:54 pm] вҡ  Image source failed (attempt 1): Image download 503
[4:27:55 pm] вҡ  Image source failed (attempt 1): Image download 503
[4:27:56 pm] вҡ  Image source failed (attempt 1): Image download 503
[4:27:58 pm] вҡ  Image source failed (attempt 2): Image download 503
[4:27:59 pm] вҡ  Image source failed (attempt 2): Image download 503
[4:28:00 pm] вҡ  Image source failed (attempt 2): Image download 503
[4:28:05 pm] вҡ  Image source failed (attempt 3): Image download 503
[4:28:05 pm] вҡ  Image source failed (attempt 3): Image download 503
[4:28:06 pm] вҡ  Image source failed (attempt 3): Image download 503
[4:28:06 pm] вҡ  Image pipeline failed. Publishing without image. Reason: Could not download any image
[4:28:06 pm] вҶ’ Step 5/5 вҖ” Publishing news post to databaseвҖҰ
[4:28:06 pm] вң“ Published! ID: 7a8b38b8-feed-4d2e-b508-a15cc1840494 | Slug: eco-friendly-trend-boosts-indian-direct-selling-sector
вҶ’ [2/2] Processing topic: Indian Government Enforces Stricter MLM Regulations
[4:28:06 pm] вҶ’ Step 2/3 вҖ” Writing article for: Indian Government Enforces Stricter MLM Regulations
[4:28:19 pm] вң“ Article written: "Indian Government Enforces Stricter MLM Regulations" (3200 chars)
[4:28:19 pm] вҶ’ Step 3/5 вҖ” Downloading image for: "law books regulation"вҖҰ
[4:28:20 pm] вҡ  Image source failed (attempt 1): Image download 503
[4:28:20 pm] вҡ  Image source failed (attempt 1): Image download 503
[4:28:21 pm] вҡ  Image source failed (attempt 1): Image download 503
[4:28:24 pm] вҡ  Image source failed (attempt 2): Image download 503
[4:28:25 pm] вҡ  Image source failed (attempt 2): Image download 503
[4:28:25 pm] вҡ  Image source failed (attempt 2): Image download 503
[4:28:30 pm] вҡ  Image source failed (attempt 3): Image download 503
[4:28:31 pm] вҡ  Image source failed (attempt 3): Image download 503
[4:28:32 pm] вҡ  Image source failed (attempt 3): Image download 503
[4:28:32 pm] вҡ  Image pipeline failed. Publishing without image. Reason: Could not download any image
[4:28:32 pm] вҶ’ Step 5/5 вҖ” Publishing news post to databaseвҖҰ
[4:28:32 pm] вң“ Published! ID: 4338e33c-d319-4650-930d-c2ab1a7698db | Slug: indian-government-enforces-stricter-mlm-regulations
\nв•”в•җв•җв•җв•җв•җв•җв•җв•җв•җв•җв•җв•җв•җв•җв•җв•җв•җв•җв•җв•җв•җв•җв•җв•җв•җв•җв•җв•җв•җв•җв•җв•җв•җв•җв•җв•җв•җв•җв•җв•җв•җв•җв•җв•җв•җв•җв•җв•җв•җв•җв•җв•җв•җв•җв•җв•—
в•‘  вң…  Saved : 2                         в•‘
в•‘  вқҢ  Failed: 0                        в•‘
в•ҡв•җв•җв•җв•җв•җв•җв•җв•җв•җв•җв•җв•җв•җв•җв•җв•җв•җв•җв•җв•җв•җв•җв•җв•җв•җв•җв•җв•җв•җв•җв•җв•җв•җв•җв•җв•җв•җв•җв•җв•җв•җв•җв•җв•җв•җв•җв•җв•җв•җв•җв•җв•җв•җв•җв•җв•қ\n
