\n╔═══════════════════════════════════════════════════════╗
║      MLM Union — News Post Automation (2-topic)       ║
╚═══════════════════════════════════════════════════════╝\n
[4:20:40 pm] → Step 1/3 — Generating 2 news topic options…
[4:20:47 pm] → Generated topics: 1) Amway India boosts local crafts with artisan partnership | 2) Pune court declares MLM scheme illegal, orders closure
→ [1/2] Processing topic: Amway India boosts local crafts with artisan partnership
[4:20:47 pm] → Step 2/3 — Writing article for: Amway India boosts local crafts with artisan partnership
[4:21:04 pm] ✓ Article written: "Amway India Boosts Local Crafts with Artisan Partnership" (4174 chars)
[4:21:04 pm] → Step 3/5 — Downloading image for: "network marketing business team"…
[4:21:05 pm] ⚠ Image source failed: Image download 503
[4:21:06 pm] ⚠ Image source failed: Image download 503
[4:21:07 pm] ⚠ Image source failed: Image download 503
[4:21:07 pm] ✗ FAILED: Could not download any image
→ [2/2] Processing topic: Pune court declares MLM scheme illegal, orders closure
[4:21:07 pm] → Step 2/3 — Writing article for: Pune court declares MLM scheme illegal, orders closure
[4:21:23 pm] ✓ Article written: "Pune Court Declares MLM Scheme Illegal, Orders Closure" (3184 chars)
[4:21:23 pm] → Step 3/5 — Downloading image for: "courtroom legal documents"…
[4:21:24 pm] ⚠ Image source failed: Image download 503
[4:21:25 pm] ⚠ Image source failed: Image download 503
[4:21:26 pm] ⚠ Image source failed: Image download 503
[4:21:26 pm] ✗ FAILED: Could not download any image
\n╔═══════════════════════════════════════════════════════╗
║  ✅  Saved : 0                         ║
║  ❌  Failed: 2                        ║
╚═══════════════════════════════════════════════════════╝\n
