INFO MLM Union — News Post Automation (single post)
[4:48:48 pm] INFO Step 1/3 — Generating 1 news topic option…
[4:48:52 pm] INFO Generated topic: India Tightens Regulations on Direct Selling Industry
INFO [1/1] Processing topic: India Tightens Regulations on Direct Selling Industry
[4:48:52 pm] INFO Step 2/3 — Writing article for: India Tightens Regulations on Direct Selling Industry
[4:49:05 pm] OK Article written: "India Tightens Regulations on Direct Selling Industry" (3166 chars)
[4:49:05 pm] INFO Step 3/5 — Downloading image for: "network marketing business team"…
[4:49:06 pm] WARN Image source failed (attempt 1): Image download 503
[4:49:07 pm] WARN Image source failed (attempt 1): Image download 503
[4:49:08 pm] WARN Image source failed (attempt 1): Image download 503
[4:49:10 pm] WARN Image source failed (attempt 2): Image download 503
[4:49:11 pm] WARN Image source failed (attempt 2): Image download 503
[4:49:12 pm] WARN Image source failed (attempt 2): Image download 503
[4:49:17 pm] WARN Image source failed (attempt 3): Image download 503
[4:49:17 pm] WARN Image source failed (attempt 3): Image download 503
[4:49:18 pm] WARN Image source failed (attempt 3): Image download 503
[4:49:18 pm] WARN Image pipeline failed. Publishing without image. Reason: Could not download any image
[4:49:18 pm] INFO Step 5/5 — Publishing news post to database…
[4:49:19 pm] OK Published! ID: fe79a2bb-9247-43fc-bf9e-72ee0c8c065e | Slug: india-tightens-regulations-on-direct-selling-industry
INFO Run summary
INFO Saved: 1
INFO Failed: 0
