\n╔═══════════════════════════════════════════════════════╗
║      MLM Union — News Post Automation (2-topic)       ║
╚═══════════════════════════════════════════════════════╝\n
[4:20:40 pm] → Step 1/3 — Generating 2 news topic options…
[4:20:48 pm] → Generated topics: 1) India Introduces New Regulations for MLM Industry | 2) Major Crackdown on Pyramid Schemes in India
→ [1/2] Processing topic: India Introduces New Regulations for MLM Industry
[4:20:48 pm] → Step 2/3 — Writing article for: India Introduces New Regulations for MLM Industry
[4:21:00 pm] ✓ Article written: "India Introduces New Regulations for MLM Industry" (3239 chars)
[4:21:00 pm] → Step 3/5 — Downloading image for: "network marketing business team"…
[4:21:04 pm] ⚠ Image source failed: Image download 503
[4:21:05 pm] ⚠ Image source failed: Image download 503
[4:21:06 pm] ⚠ Image source failed: Image download 503
[4:21:06 pm] ✗ FAILED: Could not download any image
→ [2/2] Processing topic: Major Crackdown on Pyramid Schemes in India
[4:21:06 pm] → Step 2/3 — Writing article for: Major Crackdown on Pyramid Schemes in India
[4:21:24 pm] ✓ Article written: "Major Crackdown on Pyramid Schemes in India" (3474 chars)
[4:21:24 pm] → Step 3/5 — Downloading image for: "law enforcement crackdown"…
[4:21:25 pm] ⚠ Image source failed: Image download 503
[4:21:26 pm] ⚠ Image source failed: Image download 503
[4:21:26 pm] ⚠ Image source failed: Image download 503
[4:21:26 pm] ✗ FAILED: Could not download any image
\n╔═══════════════════════════════════════════════════════╗
║  ✅  Saved : 0                         ║
║  ❌  Failed: 2                        ║
╚═══════════════════════════════════════════════════════╝\n
